C51 COMPILER V9.54   MAIN                                                                  07/08/2021 20:34:34 PAGE 1   


C51 COMPILER V9.54, COMPILATION OF MODULE MAIN
OBJECT MODULE PLACED IN .\Objects\main.obj
COMPILER INVOKED BY: C:\app\c51\C51\BIN\C51.EXE main.c OPTIMIZE(8,SPEED) BROWSE DEBUG OBJECTEXTEND PRINT(.\Listings\main
                    -.lst) TABS(2) OBJECT(.\Objects\main.obj)

line level    source

   1          # include "reg51.h"
   2          typedef unsigned char u8;
   3          typedef unsigned int u16;
   4          
   5          sbit led1 = P2^0;
   6          sbit led2 = P2^1;
   7          sbit led3 = P2^2;
   8          
   9          void delay(u16 i)
  10          {
  11   1        while(i--);
  12   1      }
  13          
  14          
  15          int main()
  16          {
  17   1        while(1)
  18   1        {
  19   2          led1 = 0;
  20   2          delay(50000);    //450ms??????
  21   2          led1 = 1;
  22   2          delay(50000);    //450ms??????
  23   2        }
  24   1        
  25   1      }
  26          
  27          
  28          
  29          
  30          
  31          //????2
  32          void delay()
  33          {
*** ERROR C236 IN LINE 33 OF main.c: '_delay': different length of parameter lists
  34   1        unsigned int i = 0;
  35   1        for(i=0,i<50000,i++)
*** ERROR C141 IN LINE 35 OF main.c: syntax error near ')'
  36   1             ;
  37   1      }
*** ERROR C237 IN LINE 37 OF main.c: '_delay': function already has a body

C51 COMPILATION COMPLETE.  0 WARNING(S),  3 ERROR(S)
