C51 COMPILER V9.54   MAIN                                                                  07/09/2021 08:52:24 PAGE 1   


C51 COMPILER V9.54, COMPILATION OF MODULE MAIN
OBJECT MODULE PLACED IN .\Objects\main.obj
COMPILER INVOKED BY: C:\app\c51\C51\BIN\C51.EXE main.c OPTIMIZE(8,SPEED) BROWSE DEBUG OBJECTEXTEND PRINT(.\Listings\main
                    -.lst) TABS(2) OBJECT(.\Objects\main.obj)

line level    source

   1          
   2          # include "reg51.h"
   3          typedef unsigned char u8;
   4          typedef unsigned int u16;
   5          
   6          sbit led1 = P2^0;
   7          sbit k1 = P3^0;
   8          
   9          void delay(u16 i)
  10          {
  11   1        while(i--);
  12   1      }
  13          void keypros()
  14          {
  15   1        if(k1)
  16   1        {
  17   2          delay(5);   //消除按键抖动
  18   2          if(k1)
  19   2          {
  20   3            led1 = ~led1;
  21   3          }
  22   2          while(!k1);  //判断按键是否松开
  23   2        }
  24   1      }
  25          
  26          
  27          int main()
  28          {
  29   1        while(1)
  30   1        {
  31   2          keypros();   
  32   2        }
  33   1      }


MODULE INFORMATION:   STATIC OVERLAYABLE
   CODE SIZE        =     35    ----
   CONSTANT SIZE    =   ----    ----
   XDATA SIZE       =   ----    ----
   PDATA SIZE       =   ----    ----
   DATA SIZE        =   ----    ----
   IDATA SIZE       =   ----    ----
   BIT SIZE         =   ----    ----
END OF MODULE INFORMATION.


C51 COMPILATION COMPLETE.  0 WARNING(S),  0 ERROR(S)
