C51 COMPILER V9.54   MAIN                                                                  07/09/2021 10:03:32 PAGE 1   


C51 COMPILER V9.54, COMPILATION OF MODULE MAIN
OBJECT MODULE PLACED IN .\Objects\main.obj
COMPILER INVOKED BY: C:\app\c51\C51\BIN\C51.EXE main.c OPTIMIZE(8,SPEED) BROWSE DEBUG OBJECTEXTEND PRINT(.\Listings\main
                    -.lst) TABS(2) OBJECT(.\Objects\main.obj)

line level    source

   1          # include "reg51.h"
   2          #include "intrins.h"
   3          typedef unsigned char u8;
   4          typedef unsigned int u16;
   5          
   6          sbit SH_CP = P3^6;  //????????? ?????????????
   7          sbit ST_CP = P3^5;  //??????? ??????????
   8          sbit DS = P3^4;     //????
   9                             
  10          
  11          void hc595sendbyte(u8 dat)
  12          {
  13   1        u8 a;
  14   1        SH_CP= 0;
  15   1        ST_CP = 0;
  16   1        
  17   1        for(a =0;a<8;a++)
  18   1        {
  19   2          DS = dat >> 7; //??????
  20   2          dat <<=1; 
  21   2          SH_CP = 1;
  22   2          _nop_();  //????????
  23   2          _nop_();  //
  24   2          SH_CP = 0;
  25   2        }
  26   1        ST_CP = 1;   //???????
  27   1        _nop_();
  28   1        _nop_();
  29   1        ST_CP = 0;
  30   1      }
  31          
  32          int main()
  33          {
  34   1        hc595sendbyte(0x80);
  35   1        P0 = 0x7f;
  36   1        while(1);
  37   1         
  38   1      }


MODULE INFORMATION:   STATIC OVERLAYABLE
   CODE SIZE        =     48    ----
   CONSTANT SIZE    =   ----    ----
   XDATA SIZE       =   ----    ----
   PDATA SIZE       =   ----    ----
   DATA SIZE        =   ----    ----
   IDATA SIZE       =   ----    ----
   BIT SIZE         =   ----    ----
END OF MODULE INFORMATION.


C51 COMPILATION COMPLETE.  0 WARNING(S),  0 ERROR(S)
