C51 COMPILER V9.54   MAIN                                                                  07/09/2021 10:06:01 PAGE 1   


C51 COMPILER V9.54, COMPILATION OF MODULE MAIN
OBJECT MODULE PLACED IN .\Objects\main.obj
COMPILER INVOKED BY: C:\app\c51\C51\BIN\C51.EXE main.c OPTIMIZE(8,SPEED) BROWSE DEBUG OBJECTEXTEND PRINT(.\Listings\main
                    -.lst) TABS(2) OBJECT(.\Objects\main.obj)

line level    source

   1          # include "reg51.h"
   2          typedef unsigned char u8;
   3          typedef unsigned int u16;
   4          
   5          sbit led = P2^0;
   6          sbit k3 = P3^2;
   7          
   8          void delay(u16 i)
   9          {
  10   1        while(i--);
  11   1      }
  12          
  13          void Int0Init()
  14          {
  15   1        //??????
  16   1        IT0 = 1;
  17   1        EX0 = 1;
  18   1        EA = 1;
  19   1      }
  20          
  21          int main()
  22          {
  23   1        Int0Init();
  24   1        while(1);
  25   1      }
  26          
  27          void Int0() interrupt 0
  28          {
  29   1        delay(1000);  //????
  30   1        if(k3==0)
  31   1        {
  32   2          led = ~led;
  33   2        }
  34   1      }


MODULE INFORMATION:   STATIC OVERLAYABLE
   CODE SIZE        =     59    ----
   CONSTANT SIZE    =   ----    ----
   XDATA SIZE       =   ----    ----
   PDATA SIZE       =   ----    ----
   DATA SIZE        =   ----    ----
   IDATA SIZE       =   ----    ----
   BIT SIZE         =   ----    ----
END OF MODULE INFORMATION.


C51 COMPILATION COMPLETE.  0 WARNING(S),  0 ERROR(S)
