C51 COMPILER V9.54   MAIN                                                                  07/08/2021 20:36:11 PAGE 1   


C51 COMPILER V9.54, COMPILATION OF MODULE MAIN
OBJECT MODULE PLACED IN .\Objects\main.obj
COMPILER INVOKED BY: C:\app\c51\C51\BIN\C51.EXE main.c OPTIMIZE(8,SPEED) BROWSE DEBUG OBJECTEXTEND PRINT(.\Listings\main
                    -.lst) TABS(2) OBJECT(.\Objects\main.obj)

line level    source

   1          # include "reg51.h"
   2          
   3          sbit led1 = P2^0;   //∂®“ÂÃΩ’Îµ„
   4          sbit led2 = P2^1;
   5          sbit led3 = P2^2;
   6          
   7          int main()
   8          {
   9   1        led1 = 0;
  10   1        
  11   1        if(led1)
  12   1          led2 = 0;
  13   1        else
  14   1          led3 =0;
  15   1        
  16   1        return 0;
  17   1      }


MODULE INFORMATION:   STATIC OVERLAYABLE
   CODE SIZE        =     15    ----
   CONSTANT SIZE    =   ----    ----
   XDATA SIZE       =   ----    ----
   PDATA SIZE       =   ----    ----
   DATA SIZE        =   ----    ----
   IDATA SIZE       =   ----    ----
   BIT SIZE         =   ----    ----
END OF MODULE INFORMATION.


C51 COMPILATION COMPLETE.  0 WARNING(S),  0 ERROR(S)
