C51 COMPILER V9.54   MAIN                                                                  07/08/2021 20:57:17 PAGE 1   


C51 COMPILER V9.54, COMPILATION OF MODULE MAIN
OBJECT MODULE PLACED IN .\Objects\main.obj
COMPILER INVOKED BY: C:\app\c51\C51\BIN\C51.EXE main.c OPTIMIZE(8,SPEED) BROWSE DEBUG OBJECTEXTEND PRINT(.\Listings\main
                    -.lst) TABS(2) OBJECT(.\Objects\main.obj)

line level    source

   1          # include "reg51.h"
   2          #include "intrins.h"
   3          typedef unsigned char u8;
   4          typedef unsigned int u16;
   5          
   6          #define led P2
   7          
   8          void delay(u16 i)
   9          {
  10   1        while(i--);
  11   1      }
  12          
  13          
  14          int main()
  15          {
  16   1        u8 i = 0;
  17   1        led = 0xfe;    //1111 1110
  18   1        delay(50000);
  19   1        
  20   1        while(1)
  21   1        {
  22   2          for(i = 0;i<7;i++)
  23   2          {
  24   3            led = _crol_(led ,1);
  25   3            delay(50000);
  26   3          }
  27   2          for(i = 0;i<7;i++)
  28   2          {
  29   3            led = _cror_(led ,1);
  30   3            delay(50000);
  31   3          }
  32   2        }
  33   1        
  34   1      }


MODULE INFORMATION:   STATIC OVERLAYABLE
   CODE SIZE        =     70    ----
   CONSTANT SIZE    =   ----    ----
   XDATA SIZE       =   ----    ----
   PDATA SIZE       =   ----    ----
   DATA SIZE        =   ----    ----
   IDATA SIZE       =   ----    ----
   BIT SIZE         =   ----    ----
END OF MODULE INFORMATION.


C51 COMPILATION COMPLETE.  0 WARNING(S),  0 ERROR(S)
